nohup: ignoring input

  .   ____          _            __ _ _
 /\\ / ___'_ __ _ _(_)_ __  __ _ \ \ \ \
( ( )\___ | '_ | '_| | '_ \/ _` | \ \ \ \
 \\/  ___)| |_)| | | | | || (_| |  ) ) ) )
  '  |____| .__|_| |_|_| |_\__, | / / / /
 =========|_|==============|___/=/_/_/_/

 :: Spring Boot ::                (v3.5.5)

2025-08-22T10:34:38.816-03:00  INFO 205288 --- [hotel-checkin-system] [           main] c.p.hotel.HotelCheckinSystemApplication  : Starting HotelCheckinSystemApplication v0.0.1-SNAPSHOT using Java 17.0.6 with PID 205288 (C:\Users\pedro.silva\Downloads\projeto\hotel-checkin-system\backend\target\hotel-0.0.1-SNAPSHOT.jar started by pedro.silva in C:\Users\pedro.silva\Downloads\projeto\hotel-checkin-system)
2025-08-22T10:34:38.839-03:00  INFO 205288 --- [hotel-checkin-system] [           main] c.p.hotel.HotelCheckinSystemApplication  : No active profile set, falling back to 1 default profile: "default"
2025-08-22T10:34:44.382-03:00  INFO 205288 --- [hotel-checkin-system] [           main] .s.d.r.c.RepositoryConfigurationDelegate : Bootstrapping Spring Data JPA repositories in DEFAULT mode.
2025-08-22T10:34:44.537-03:00  INFO 205288 --- [hotel-checkin-system] [           main] .s.d.r.c.RepositoryConfigurationDelegate : Finished Spring Data repository scanning in 69 ms. Found 0 JPA repository interfaces.
2025-08-22T10:34:47.542-03:00  INFO 205288 --- [hotel-checkin-system] [           main] o.s.b.w.embedded.tomcat.TomcatWebServer  : Tomcat initialized with port 8081 (http)
2025-08-22T10:34:47.598-03:00  INFO 205288 --- [hotel-checkin-system] [           main] o.apache.catalina.core.StandardService   : Starting service [Tomcat]
2025-08-22T10:34:47.599-03:00  INFO 205288 --- [hotel-checkin-system] [           main] o.apache.catalina.core.StandardEngine    : Starting Servlet engine: [Apache Tomcat/10.1.44]
2025-08-22T10:34:47.721-03:00  INFO 205288 --- [hotel-checkin-system] [           main] o.a.c.c.C.[Tomcat].[localhost].[/]       : Initializing Spring embedded WebApplicationContext
2025-08-22T10:34:47.724-03:00  INFO 205288 --- [hotel-checkin-system] [           main] w.s.c.ServletWebServerApplicationContext : Root WebApplicationContext: initialization completed in 8385 ms
2025-08-22T10:34:48.346-03:00  INFO 205288 --- [hotel-checkin-system] [           main] com.zaxxer.hikari.HikariDataSource       : HikariPool-1 - Starting...
2025-08-22T10:34:50.248-03:00  INFO 205288 --- [hotel-checkin-system] [           main] com.zaxxer.hikari.pool.HikariPool        : HikariPool-1 - Added connection conn0: url=jdbc:h2:mem:1cc2331e-52f6-4316-bb21-a2105207665c user=SA
2025-08-22T10:34:50.254-03:00  INFO 205288 --- [hotel-checkin-system] [           main] com.zaxxer.hikari.HikariDataSource       : HikariPool-1 - Start completed.
2025-08-22T10:34:50.516-03:00  INFO 205288 --- [hotel-checkin-system] [           main] o.hibernate.jpa.internal.util.LogHelper  : HHH000204: Processing PersistenceUnitInfo [name: default]
2025-08-22T10:34:51.100-03:00  INFO 205288 --- [hotel-checkin-system] [           main] org.hibernate.Version                    : HHH000412: Hibernate ORM core version 6.6.26.Final
2025-08-22T10:34:51.289-03:00  INFO 205288 --- [hotel-checkin-system] [           main] o.h.c.internal.RegionFactoryInitiator    : HHH000026: Second-level cache disabled
2025-08-22T10:34:52.653-03:00  INFO 205288 --- [hotel-checkin-system] [           main] o.s.o.j.p.SpringPersistenceUnitInfo      : No LoadTimeWeaver setup: ignoring JPA class transformer
2025-08-22T10:34:53.002-03:00  INFO 205288 --- [hotel-checkin-system] [           main] org.hibernate.orm.connections.pooling    : HHH10001005: Database info:
	Database JDBC URL [Connecting through datasource 'HikariDataSource (HikariPool-1)']
	Database driver: undefined/unknown
	Database version: 2.3.232
	Autocommit mode: undefined/unknown
	Isolation level: undefined/unknown
	Minimum pool size: undefined/unknown
	Maximum pool size: undefined/unknown
2025-08-22T10:34:54.853-03:00  INFO 205288 --- [hotel-checkin-system] [           main] o.h.e.t.j.p.i.JtaPlatformInitiator       : HHH000489: No JTA platform available (set 'hibernate.transaction.jta.platform' to enable JTA platform integration)
2025-08-22T10:34:54.875-03:00  INFO 205288 --- [hotel-checkin-system] [           main] j.LocalContainerEntityManagerFactoryBean : Initialized JPA EntityManagerFactory for persistence unit 'default'
2025-08-22T10:34:55.232-03:00  WARN 205288 --- [hotel-checkin-system] [           main] JpaBaseConfiguration$JpaWebConfiguration : spring.jpa.open-in-view is enabled by default. Therefore, database queries may be performed during view rendering. Explicitly configure spring.jpa.open-in-view to disable this warning
2025-08-22T10:35:00.672-03:00  INFO 205288 --- [hotel-checkin-system] [           main] o.s.b.w.embedded.tomcat.TomcatWebServer  : Tomcat started on port 8081 (http) with context path '/'
2025-08-22T10:35:00.818-03:00  INFO 205288 --- [hotel-checkin-system] [           main] c.p.hotel.HotelCheckinSystemApplication  : Started HotelCheckinSystemApplication in 27.705 seconds (process running for 35.381)
