
  .   ____          _            __ _ _
 /\\ / ___'_ __ _ _(_)_ __  __ _ \ \ \ \
( ( )\___ | '_ | '_| | '_ \/ _` | \ \ \ \
 \\/  ___)| |_)| | | | | || (_| |  ) ) ) )
  '  |____| .__|_| |_|_| |_\__, | / / / /
 =========|_|==============|___/=/_/_/_/

 :: Spring Boot ::                (v3.5.5)

2025-08-22T10:14:42.985-03:00  INFO 183664 --- [hotel-checkin-system] [           main] c.p.hotel.HotelCheckinSystemApplication  : Starting HotelCheckinSystemApplication v0.0.1-SNAPSHOT using Java 17.0.6 with PID 183664 (C:\Users\pedro.silva\Downloads\projeto\hotel-checkin-system\target\hotel-0.0.1-SNAPSHOT.jar started by pedro.silva in C:\Users\pedro.silva\Downloads\projeto\hotel-checkin-system)
2025-08-22T10:14:42.990-03:00  INFO 183664 --- [hotel-checkin-system] [           main] c.p.hotel.HotelCheckinSystemApplication  : No active profile set, falling back to 1 default profile: "default"
2025-08-22T10:14:44.910-03:00  INFO 183664 --- [hotel-checkin-system] [           main] .s.d.r.c.RepositoryConfigurationDelegate : Bootstrapping Spring Data JPA repositories in DEFAULT mode.
2025-08-22T10:14:44.962-03:00  INFO 183664 --- [hotel-checkin-system] [           main] .s.d.r.c.RepositoryConfigurationDelegate : Finished Spring Data repository scanning in 26 ms. Found 0 JPA repository interfaces.
2025-08-22T10:14:46.670-03:00  INFO 183664 --- [hotel-checkin-system] [           main] o.s.b.w.embedded.tomcat.TomcatWebServer  : Tomcat initialized with port 8080 (http)
2025-08-22T10:14:46.734-03:00  INFO 183664 --- [hotel-checkin-system] [           main] o.apache.catalina.core.StandardService   : Starting service [Tomcat]
2025-08-22T10:14:46.735-03:00  INFO 183664 --- [hotel-checkin-system] [           main] o.apache.catalina.core.StandardEngine    : Starting Servlet engine: [Apache Tomcat/10.1.44]
2025-08-22T10:14:46.827-03:00  INFO 183664 --- [hotel-checkin-system] [           main] o.a.c.c.C.[Tomcat].[localhost].[/]       : Initializing Spring embedded WebApplicationContext
2025-08-22T10:14:46.838-03:00  INFO 183664 --- [hotel-checkin-system] [           main] w.s.c.ServletWebServerApplicationContext : Root WebApplicationContext: initialization completed in 3706 ms
2025-08-22T10:14:47.338-03:00  INFO 183664 --- [hotel-checkin-system] [           main] com.zaxxer.hikari.HikariDataSource       : HikariPool-1 - Starting...
2025-08-22T10:14:49.056-03:00  INFO 183664 --- [hotel-checkin-system] [           main] com.zaxxer.hikari.pool.HikariPool        : HikariPool-1 - Added connection conn0: url=jdbc:h2:mem:36bcb03c-82dd-4087-bfcb-f785d78aaee5 user=SA
2025-08-22T10:14:49.063-03:00  INFO 183664 --- [hotel-checkin-system] [           main] com.zaxxer.hikari.HikariDataSource       : HikariPool-1 - Start completed.
2025-08-22T10:14:49.820-03:00  INFO 183664 --- [hotel-checkin-system] [           main] o.hibernate.jpa.internal.util.LogHelper  : HHH000204: Processing PersistenceUnitInfo [name: default]
2025-08-22T10:14:51.500-03:00  INFO 183664 --- [hotel-checkin-system] [           main] org.hibernate.Version                    : HHH000412: Hibernate ORM core version 6.6.26.Final
2025-08-22T10:14:52.971-03:00  INFO 183664 --- [hotel-checkin-system] [           main] o.h.c.internal.RegionFactoryInitiator    : HHH000026: Second-level cache disabled
2025-08-22T10:14:56.249-03:00  INFO 183664 --- [hotel-checkin-system] [           main] o.s.o.j.p.SpringPersistenceUnitInfo      : No LoadTimeWeaver setup: ignoring JPA class transformer
2025-08-22T10:14:56.840-03:00  INFO 183664 --- [hotel-checkin-system] [           main] org.hibernate.orm.connections.pooling    : HHH10001005: Database info:
	Database JDBC URL [Connecting through datasource 'HikariDataSource (HikariPool-1)']
	Database driver: undefined/unknown
	Database version: 2.3.232
	Autocommit mode: undefined/unknown
	Isolation level: undefined/unknown
	Minimum pool size: undefined/unknown
	Maximum pool size: undefined/unknown
2025-08-22T10:14:58.644-03:00  INFO 183664 --- [hotel-checkin-system] [           main] o.h.e.t.j.p.i.JtaPlatformInitiator       : HHH000489: No JTA platform available (set 'hibernate.transaction.jta.platform' to enable JTA platform integration)
2025-08-22T10:14:58.660-03:00  INFO 183664 --- [hotel-checkin-system] [           main] j.LocalContainerEntityManagerFactoryBean : Initialized JPA EntityManagerFactory for persistence unit 'default'
2025-08-22T10:14:58.993-03:00  WARN 183664 --- [hotel-checkin-system] [           main] JpaBaseConfiguration$JpaWebConfiguration : spring.jpa.open-in-view is enabled by default. Therefore, database queries may be performed during view rendering. Explicitly configure spring.jpa.open-in-view to disable this warning
2025-08-22T10:15:08.521-03:00  INFO 183664 --- [hotel-checkin-system] [           main] o.s.b.w.embedded.tomcat.TomcatWebServer  : Tomcat started on port 8080 (http) with context path '/'
2025-08-22T10:15:10.041-03:00  INFO 183664 --- [hotel-checkin-system] [           main] c.p.hotel.HotelCheckinSystemApplication  : Started HotelCheckinSystemApplication in 27.241 seconds (process running for 30.005)
